<?xml version="1.0" encoding="UTF-8"?>
<coverage generated="1578884386888" clover="3.2.0">
  <project timestamp="1578884386888" name="All files">
    <metrics statements="39" coveredstatements="39" conditionals="8" coveredconditionals="8" methods="10" coveredmethods="10" elements="57" coveredelements="57" complexity="0" loc="39" ncloc="39" packages="2" files="6" classes="6"/>
    <package name="helpers">
      <metrics statements="20" coveredstatements="20" conditionals="0" coveredconditionals="0" methods="8" coveredmethods="8"/>
      <file name="httpResponse.js" path="/home/rafael/Documentos/desenvolvimento/back-end-everyday/tdd-clean/clean-node-api/src/presentation/helpers/httpResponse.js">
        <metrics statements="8" coveredstatements="8" conditionals="0" coveredconditionals="0" methods="4" coveredmethods="4"/>
        <line num="3" count="1" type="stmt"/>
        <line num="4" count="1" type="stmt"/>
        <line num="5" count="1" type="stmt"/>
        <line num="7" count="1" type="stmt"/>
        <line num="9" count="3" type="stmt"/>
        <line num="16" count="8" type="stmt"/>
        <line num="24" count="3" type="stmt"/>
        <line num="31" count="1" type="stmt"/>
      </file>
      <file name="invalid-param-error.js" path="/home/rafael/Documentos/desenvolvimento/back-end-everyday/tdd-clean/clean-node-api/src/presentation/helpers/invalid-param-error.js">
        <metrics statements="3" coveredstatements="3" conditionals="0" coveredconditionals="0" methods="1" coveredmethods="1"/>
        <line num="2" count="1" type="stmt"/>
        <line num="4" count="2" type="stmt"/>
        <line num="5" count="2" type="stmt"/>
      </file>
      <file name="missing-param-error.js" path="/home/rafael/Documentos/desenvolvimento/back-end-everyday/tdd-clean/clean-node-api/src/presentation/helpers/missing-param-error.js">
        <metrics statements="3" coveredstatements="3" conditionals="0" coveredconditionals="0" methods="1" coveredmethods="1"/>
        <line num="2" count="1" type="stmt"/>
        <line num="4" count="4" type="stmt"/>
        <line num="5" count="4" type="stmt"/>
      </file>
      <file name="server-error.js" path="/home/rafael/Documentos/desenvolvimento/back-end-everyday/tdd-clean/clean-node-api/src/presentation/helpers/server-error.js">
        <metrics statements="3" coveredstatements="3" conditionals="0" coveredconditionals="0" methods="1" coveredmethods="1"/>
        <line num="2" count="1" type="stmt"/>
        <line num="4" count="14" type="stmt"/>
        <line num="5" count="14" type="stmt"/>
      </file>
      <file name="unautorizedError.js" path="/home/rafael/Documentos/desenvolvimento/back-end-everyday/tdd-clean/clean-node-api/src/presentation/helpers/unautorizedError.js">
        <metrics statements="3" coveredstatements="3" conditionals="0" coveredconditionals="0" methods="1" coveredmethods="1"/>
        <line num="2" count="1" type="stmt"/>
        <line num="4" count="2" type="stmt"/>
        <line num="5" count="2" type="stmt"/>
      </file>
    </package>
    <package name="routers">
      <metrics statements="19" coveredstatements="19" conditionals="8" coveredconditionals="8" methods="2" coveredmethods="2"/>
      <file name="login-router.js" path="/home/rafael/Documentos/desenvolvimento/back-end-everyday/tdd-clean/clean-node-api/src/presentation/routers/login-router.js">
        <metrics statements="19" coveredstatements="19" conditionals="8" coveredconditionals="8" methods="2" coveredmethods="2"/>
        <line num="3" count="1" type="stmt"/>
        <line num="4" count="1" type="stmt"/>
        <line num="5" count="1" type="stmt"/>
        <line num="8" count="1" type="stmt"/>
        <line num="10" count="15" type="stmt"/>
        <line num="11" count="15" type="stmt"/>
        <line num="15" count="15" type="stmt"/>
        <line num="16" count="15" type="stmt"/>
        <line num="17" count="13" type="cond" truecount="2" falsecount="0"/>
        <line num="18" count="1" type="stmt"/>
        <line num="20" count="12" type="cond" truecount="2" falsecount="0"/>
        <line num="21" count="1" type="stmt"/>
        <line num="23" count="11" type="cond" truecount="2" falsecount="0"/>
        <line num="24" count="1" type="stmt"/>
        <line num="27" count="4" type="stmt"/>
        <line num="28" count="4" type="cond" truecount="2" falsecount="0"/>
        <line num="29" count="1" type="stmt"/>
        <line num="31" count="3" type="stmt"/>
        <line num="34" count="8" type="stmt"/>
      </file>
    </package>
  </project>
</coverage>
