{"/home/rafael/Documentos/desenvolvimento/back-end-everyday/tdd-clean/clean-node-api/src/presentation/helpers/httpResponse.js": {"path":"/home/rafael/Documentos/desenvolvimento/back-end-everyday/tdd-clean/clean-node-api/src/presentation/helpers/httpResponse.js","statementMap":{"0":{"start":{"line":3,"column":26},"end":{"line":3,"column":58}},"1":{"start":{"line":4,"column":26},"end":{"line":4,"column":55}},"2":{"start":{"line":5,"column":20},"end":{"line":5,"column":45}},"3":{"start":{"line":7,"column":0},"end":{"line":37,"column":1}},"4":{"start":{"line":9,"column":8},"end":{"line":12,"column":9}},"5":{"start":{"line":16,"column":8},"end":{"line":19,"column":9}},"6":{"start":{"line":24,"column":8},"end":{"line":27,"column":9}},"7":{"start":{"line":31,"column":8},"end":{"line":35,"column":9}}},"fnMap":{"0":{"name":"(anonymous_0)","decl":{"start":{"line":8,"column":4},"end":{"line":8,"column":5}},"loc":{"start":{"line":8,"column":28},"end":{"line":13,"column":5}},"line":8},"1":{"name":"(anonymous_1)","decl":{"start":{"line":15,"column":4},"end":{"line":15,"column":5}},"loc":{"start":{"line":15,"column":24},"end":{"line":20,"column":5}},"line":15},"2":{"name":"(anonymous_2)","decl":{"start":{"line":23,"column":4},"end":{"line":23,"column":5}},"loc":{"start":{"line":23,"column":19},"end":{"line":28,"column":5}},"line":23},"3":{"name":"(anonymous_3)","decl":{"start":{"line":30,"column":4},"end":{"line":30,"column":5}},"loc":{"start":{"line":30,"column":30},"end":{"line":36,"column":5}},"line":30}},"branchMap":{},"s":{"0":1,"1":1,"2":1,"3":1,"4":3,"5":8,"6":3,"7":1},"f":{"0":3,"1":8,"2":3,"3":1},"b":{},"_coverageSchema":"43e27e138ebf9cfc5966b082cf9a028302ed4184","hash":"d4ce10bd235eb2db205acfaa5f909eff3b2d7010"}
,"/home/rafael/Documentos/desenvolvimento/back-end-everyday/tdd-clean/clean-node-api/src/presentation/helpers/invalid-param-error.js": {"path":"/home/rafael/Documentos/desenvolvimento/back-end-everyday/tdd-clean/clean-node-api/src/presentation/helpers/invalid-param-error.js","statementMap":{"0":{"start":{"line":2,"column":0},"end":{"line":7,"column":1}},"1":{"start":{"line":4,"column":8},"end":{"line":4,"column":48}},"2":{"start":{"line":5,"column":8},"end":{"line":5,"column":39}}},"fnMap":{"0":{"name":"(anonymous_0)","decl":{"start":{"line":3,"column":4},"end":{"line":3,"column":5}},"loc":{"start":{"line":3,"column":26},"end":{"line":6,"column":5}},"line":3}},"branchMap":{},"s":{"0":1,"1":2,"2":2},"f":{"0":2},"b":{},"_coverageSchema":"43e27e138ebf9cfc5966b082cf9a028302ed4184","hash":"cb60dcfc23a3a193b3ccf4b50e56101ebb4d86e0"}
,"/home/rafael/Documentos/desenvolvimento/back-end-everyday/tdd-clean/clean-node-api/src/presentation/helpers/missing-param-error.js": {"path":"/home/rafael/Documentos/desenvolvimento/back-end-everyday/tdd-clean/clean-node-api/src/presentation/helpers/missing-param-error.js","statementMap":{"0":{"start":{"line":2,"column":0},"end":{"line":7,"column":1}},"1":{"start":{"line":4,"column":8},"end":{"line":4,"column":48}},"2":{"start":{"line":5,"column":8},"end":{"line":5,"column":39}}},"fnMap":{"0":{"name":"(anonymous_0)","decl":{"start":{"line":3,"column":4},"end":{"line":3,"column":5}},"loc":{"start":{"line":3,"column":26},"end":{"line":6,"column":5}},"line":3}},"branchMap":{},"s":{"0":1,"1":4,"2":4},"f":{"0":4},"b":{},"_coverageSchema":"43e27e138ebf9cfc5966b082cf9a028302ed4184","hash":"ba60952cd831fe9e8b4ce397671f60b68f34243e"}
,"/home/rafael/Documentos/desenvolvimento/back-end-everyday/tdd-clean/clean-node-api/src/presentation/helpers/server-error.js": {"path":"/home/rafael/Documentos/desenvolvimento/back-end-everyday/tdd-clean/clean-node-api/src/presentation/helpers/server-error.js","statementMap":{"0":{"start":{"line":2,"column":0},"end":{"line":7,"column":1}},"1":{"start":{"line":4,"column":8},"end":{"line":4,"column":31}},"2":{"start":{"line":5,"column":8},"end":{"line":5,"column":33}}},"fnMap":{"0":{"name":"(anonymous_0)","decl":{"start":{"line":3,"column":4},"end":{"line":3,"column":5}},"loc":{"start":{"line":3,"column":26},"end":{"line":6,"column":5}},"line":3}},"branchMap":{},"s":{"0":1,"1":14,"2":14},"f":{"0":14},"b":{},"_coverageSchema":"43e27e138ebf9cfc5966b082cf9a028302ed4184","hash":"6cfef2a7515750b2416b5a0361db00c6ae94e62f"}
,"/home/rafael/Documentos/desenvolvimento/back-end-everyday/tdd-clean/clean-node-api/src/presentation/helpers/unautorizedError.js": {"path":"/home/rafael/Documentos/desenvolvimento/back-end-everyday/tdd-clean/clean-node-api/src/presentation/helpers/unautorizedError.js","statementMap":{"0":{"start":{"line":2,"column":0},"end":{"line":7,"column":1}},"1":{"start":{"line":4,"column":8},"end":{"line":4,"column":29}},"2":{"start":{"line":5,"column":8},"end":{"line":5,"column":39}}},"fnMap":{"0":{"name":"(anonymous_0)","decl":{"start":{"line":3,"column":4},"end":{"line":3,"column":5}},"loc":{"start":{"line":3,"column":17},"end":{"line":6,"column":5}},"line":3}},"branchMap":{},"s":{"0":1,"1":2,"2":2},"f":{"0":2},"b":{},"_coverageSchema":"43e27e138ebf9cfc5966b082cf9a028302ed4184","hash":"f428ddaf2d71f5b6afe13859277db5faf5ef4658"}
,"/home/rafael/Documentos/desenvolvimento/back-end-everyday/tdd-clean/clean-node-api/src/presentation/routers/login-router.js": {"path":"/home/rafael/Documentos/desenvolvimento/back-end-everyday/tdd-clean/clean-node-api/src/presentation/routers/login-router.js","statementMap":{"0":{"start":{"line":3,"column":21},"end":{"line":3,"column":55}},"1":{"start":{"line":4,"column":26},"end":{"line":4,"column":67}},"2":{"start":{"line":5,"column":26},"end":{"line":5,"column":67}},"3":{"start":{"line":8,"column":0},"end":{"line":38,"column":1}},"4":{"start":{"line":10,"column":8},"end":{"line":10,"column":38}},"5":{"start":{"line":11,"column":8},"end":{"line":11,"column":44}},"6":{"start":{"line":16,"column":8},"end":{"line":36,"column":9}},"7":{"start":{"line":17,"column":38},"end":{"line":17,"column":54}},"8":{"start":{"line":18,"column":12},"end":{"line":20,"column":13}},"9":{"start":{"line":19,"column":16},"end":{"line":19,"column":81}},"10":{"start":{"line":21,"column":12},"end":{"line":23,"column":13}},"11":{"start":{"line":22,"column":16},"end":{"line":22,"column":78}},"12":{"start":{"line":24,"column":12},"end":{"line":26,"column":13}},"13":{"start":{"line":25,"column":16},"end":{"line":25,"column":78}},"14":{"start":{"line":28,"column":33},"end":{"line":28,"column":77}},"15":{"start":{"line":29,"column":12},"end":{"line":31,"column":13}},"16":{"start":{"line":30,"column":16},"end":{"line":30,"column":55}},"17":{"start":{"line":32,"column":12},"end":{"line":32,"column":51}},"18":{"start":{"line":35,"column":12},"end":{"line":35,"column":45}}},"fnMap":{"0":{"name":"(anonymous_0)","decl":{"start":{"line":9,"column":4},"end":{"line":9,"column":5}},"loc":{"start":{"line":9,"column":44},"end":{"line":12,"column":5}},"line":9},"1":{"name":"(anonymous_1)","decl":{"start":{"line":15,"column":4},"end":{"line":15,"column":5}},"loc":{"start":{"line":15,"column":28},"end":{"line":37,"column":5}},"line":15}},"branchMap":{"0":{"loc":{"start":{"line":18,"column":12},"end":{"line":20,"column":13}},"type":"if","locations":[{"start":{"line":18,"column":12},"end":{"line":20,"column":13}},{"start":{"line":18,"column":12},"end":{"line":20,"column":13}}],"line":18},"1":{"loc":{"start":{"line":21,"column":12},"end":{"line":23,"column":13}},"type":"if","locations":[{"start":{"line":21,"column":12},"end":{"line":23,"column":13}},{"start":{"line":21,"column":12},"end":{"line":23,"column":13}}],"line":21},"2":{"loc":{"start":{"line":24,"column":12},"end":{"line":26,"column":13}},"type":"if","locations":[{"start":{"line":24,"column":12},"end":{"line":26,"column":13}},{"start":{"line":24,"column":12},"end":{"line":26,"column":13}}],"line":24},"3":{"loc":{"start":{"line":29,"column":12},"end":{"line":31,"column":13}},"type":"if","locations":[{"start":{"line":29,"column":12},"end":{"line":31,"column":13}},{"start":{"line":29,"column":12},"end":{"line":31,"column":13}}],"line":29}},"s":{"0":1,"1":1,"2":1,"3":1,"4":15,"5":15,"6":15,"7":15,"8":13,"9":1,"10":12,"11":1,"12":11,"13":1,"14":4,"15":4,"16":1,"17":3,"18":8},"f":{"0":15,"1":15},"b":{"0":[1,12],"1":[1,11],"2":[1,4],"3":[1,3]},"_coverageSchema":"43e27e138ebf9cfc5966b082cf9a028302ed4184","hash":"4475d9a5686287fa555e7abf86f749d0abf53b7a"}
}
