TN:
SF:/home/rafael/Documentos/desenvolvimento/back-end-everyday/tdd-clean/clean-node-api/src/presentation/helpers/httpResponse.js
FN:8,(anonymous_0)
FN:15,(anonymous_1)
FN:23,(anonymous_2)
FN:30,(anonymous_3)
FNF:4
FNH:4
FNDA:3,(anonymous_0)
FNDA:8,(anonymous_1)
FNDA:3,(anonymous_2)
FNDA:1,(anonymous_3)
DA:3,1
DA:4,1
DA:5,1
DA:7,1
DA:9,3
DA:16,8
DA:24,3
DA:31,1
LF:8
LH:8
BRF:0
BRH:0
end_of_record
TN:
SF:/home/rafael/Documentos/desenvolvimento/back-end-everyday/tdd-clean/clean-node-api/src/presentation/helpers/invalid-param-error.js
FN:3,(anonymous_0)
FNF:1
FNH:1
FNDA:2,(anonymous_0)
DA:2,1
DA:4,2
DA:5,2
LF:3
LH:3
BRF:0
BRH:0
end_of_record
TN:
SF:/home/rafael/Documentos/desenvolvimento/back-end-everyday/tdd-clean/clean-node-api/src/presentation/helpers/missing-param-error.js
FN:3,(anonymous_0)
FNF:1
FNH:1
FNDA:4,(anonymous_0)
DA:2,1
DA:4,4
DA:5,4
LF:3
LH:3
BRF:0
BRH:0
end_of_record
TN:
SF:/home/rafael/Documentos/desenvolvimento/back-end-everyday/tdd-clean/clean-node-api/src/presentation/helpers/server-error.js
FN:3,(anonymous_0)
FNF:1
FNH:1
FNDA:14,(anonymous_0)
DA:2,1
DA:4,14
DA:5,14
LF:3
LH:3
BRF:0
BRH:0
end_of_record
TN:
SF:/home/rafael/Documentos/desenvolvimento/back-end-everyday/tdd-clean/clean-node-api/src/presentation/helpers/unautorizedError.js
FN:3,(anonymous_0)
FNF:1
FNH:1
FNDA:2,(anonymous_0)
DA:2,1
DA:4,2
DA:5,2
LF:3
LH:3
BRF:0
BRH:0
end_of_record
TN:
SF:/home/rafael/Documentos/desenvolvimento/back-end-everyday/tdd-clean/clean-node-api/src/presentation/routers/login-router.js
FN:9,(anonymous_0)
FN:15,(anonymous_1)
FNF:2
FNH:2
FNDA:15,(anonymous_0)
FNDA:15,(anonymous_1)
DA:3,1
DA:4,1
DA:5,1
DA:8,1
DA:10,15
DA:11,15
DA:16,15
DA:17,15
DA:18,13
DA:19,1
DA:21,12
DA:22,1
DA:24,11
DA:25,1
DA:28,4
DA:29,4
DA:30,1
DA:32,3
DA:35,8
LF:19
LH:19
BRDA:18,0,0,1
BRDA:18,0,1,12
BRDA:21,1,0,1
BRDA:21,1,1,11
BRDA:24,2,0,1
BRDA:24,2,1,4
BRDA:29,3,0,1
BRDA:29,3,1,3
BRF:8
BRH:8
end_of_record
